Using pre-set license
Built from '2020.2/staging' branch; Version is '2020.2.6f1 (8a2143876886) revision 9052483'; Using compiler version '192528614'; Build Type 'Release'
OS: 'Windows 10 Home; OS build 19042.1348; Version 2009; 64bit' Language: 'en' Physical Memory: 16197 MB
BatchMode: 1, IsHumanControllingUs: 0, StartBugReporterOnCrash: 0, Is64bit: 1, IsPro: 0

 COMMAND LINE ARGUMENTS:
C:\Program Files\Unity\Hub\Editor\2020.2.6f1\Editor\Unity.exe
-adb2
-batchMode
-noUpm
-name
AssetImportWorker0
-projectPath
C:/Users/laksh/Documents/CSC/Assesment Graphics
-logFile
Logs/AssetImportWorker0.log
-srvPort
52442
Successfully changed project path to: C:/Users/laksh/Documents/CSC/Assesment Graphics
C:/Users/laksh/Documents/CSC/Assesment Graphics
Using Asset Import Pipeline V2.
Refreshing native plugins compatible for Editor in 107.92 ms, found 3 plugins.
Preloading 0 native plugins for Editor in 0.00 ms.
Initialize engine version: 2020.2.6f1 (8a2143876886)
[Subsystems] Discovering subsystems at path C:/Program Files/Unity/Hub/Editor/2020.2.6f1/Editor/Data/Resources/UnitySubsystems
[Subsystems] Discovering subsystems at path C:/Users/laksh/Documents/CSC/Assesment Graphics/Assets
GfxDevice: creating device client; threaded=0
Direct3D:
    Version:  Direct3D 11.0 [level 11.1]
    Renderer: NVIDIA GeForce MX150 (ID=0x1d12)
    Vendor:   
    VRAM:     1983 MB
    Driver:   27.21.14.6259
Shader 'Universal Render Pipeline/Particles/Lit': fallback shader 'Universal Render Pipeline/Particles/SimpleLit' not found
Initialize mono
Mono path[0] = 'C:/Program Files/Unity/Hub/Editor/2020.2.6f1/Editor/Data/Managed'
Mono path[1] = 'C:/Program Files/Unity/Hub/Editor/2020.2.6f1/Editor/Data/MonoBleedingEdge/lib/mono/unityjit'
Mono config path = 'C:/Program Files/Unity/Hub/Editor/2020.2.6f1/Editor/Data/MonoBleedingEdge/etc'
Using monoOptions --debugger-agent=transport=dt_socket,embedding=1,server=y,suspend=n,address=127.0.0.1:56556
Begin MonoManager ReloadAssembly
Registering precompiled unity dll's ...
Register platform support module: C:/Program Files/Unity/Hub/Editor/2020.2.6f1/Editor/Data/PlaybackEngines/WindowsStandaloneSupport/UnityEditor.WindowsStandalone.Extensions.dll
Registered in 0.006463 seconds.
Native extension for WindowsStandalone target not found
Refreshing native plugins compatible for Editor in 140.11 ms, found 3 plugins.
Preloading 0 native plugins for Editor in 0.00 ms.
Invoked RoslynAnalysisRunner static constructor.
RoslynAnalysisRunner will not be running.
RoslynAnalysisRunner has terminated.
Mono: successfully reloaded assembly
- Completed reload, in  2.195 seconds
Platform modules already initialized, skipping
Registering precompiled user dll's ...
Registered in 0.004295 seconds.
Begin MonoManager ReloadAssembly
Native extension for WindowsStandalone target not found
Refreshing native plugins compatible for Editor in 121.03 ms, found 3 plugins.
Preloading 0 native plugins for Editor in 0.00 ms.
Invoked RoslynAnalysisRunner static constructor.
RoslynAnalysisRunner will not be running.
RoslynAnalysisRunner has terminated.
Mono: successfully reloaded assembly
- Completed reload, in  2.047 seconds
Platform modules already initialized, skipping
========================================================================
Worker process is ready to serve import requests
Shader 'Universal Render Pipeline/Particles/Lit': fallback shader 'Universal Render Pipeline/Particles/SimpleLit' not found
Launched and connected shader compiler UnityShaderCompiler.exe after 0.12 seconds
Refreshing native plugins compatible for Editor in 1.50 ms, found 3 plugins.
Preloading 0 native plugins for Editor in 0.00 ms.
Unloading 3163 Unused Serialized files (Serialized files now loaded: 0)
System memory in use before: 172.4 MB.
System memory in use after: 172.2 MB.

Unloading 20 unused Assets to reduce memory usage. Loaded Objects now: 3626.
Total: 5.273500 ms (FindLiveObjects: 0.569800 ms CreateObjectMapping: 0.382900 ms MarkObjects: 3.259600 ms  DeleteObjects: 1.052500 ms)

========================================================================
Received Import Request.
  path: Assets/Scripts/FPSDisplay.cs
  artifactKey: Guid(fe815a3721bac6a46ada96b0f8dab11b) Importer(815301076,1909f56bfc062723c751e8b465ee728b)
Start importing Assets/Scripts/FPSDisplay.cs using Guid(fe815a3721bac6a46ada96b0f8dab11b) Importer(815301076,1909f56bfc062723c751e8b465ee728b)  -> (artifact id: '39e71dfe6297c16e835924a9b552b21b') in 0.052866 seconds
  Import took 0.064482 seconds .

========================================================================
Received Prepare
Registering precompiled user dll's ...
Registered in 0.004234 seconds.
Begin MonoManager ReloadAssembly
Native extension for WindowsStandalone target not found
Refreshing native plugins compatible for Editor in 1.00 ms, found 3 plugins.
Preloading 0 native plugins for Editor in 0.00 ms.
Invoked RoslynAnalysisRunner static constructor.
RoslynAnalysisRunner will not be running.
RoslynAnalysisRunner has terminated.
Mono: successfully reloaded assembly
- Completed reload, in  1.510 seconds
Platform modules already initialized, skipping
Shader 'Universal Render Pipeline/Particles/Lit': fallback shader 'Universal Render Pipeline/Particles/SimpleLit' not found
Refreshing native plugins compatible for Editor in 1.91 ms, found 3 plugins.
Preloading 0 native plugins for Editor in 0.00 ms.
Unloading 2979 Unused Serialized files (Serialized files now loaded: 0)
System memory in use before: 160.5 MB.
System memory in use after: 160.4 MB.

Unloading 15 unused Assets to reduce memory usage. Loaded Objects now: 3628.
Total: 4.644300 ms (FindLiveObjects: 0.506800 ms CreateObjectMapping: 0.278800 ms MarkObjects: 3.224600 ms  DeleteObjects: 0.631900 ms)

========================================================================
Received Prepare
Registering precompiled user dll's ...
Registered in 0.005644 seconds.
Begin MonoManager ReloadAssembly
Native extension for WindowsStandalone target not found
Refreshing native plugins compatible for Editor in 0.89 ms, found 3 plugins.
Preloading 0 native plugins for Editor in 0.00 ms.
Invoked RoslynAnalysisRunner static constructor.
RoslynAnalysisRunner will not be running.
RoslynAnalysisRunner has terminated.
Mono: successfully reloaded assembly
- Completed reload, in  1.636 seconds
Platform modules already initialized, skipping
Shader 'Universal Render Pipeline/Particles/Lit': fallback shader 'Universal Render Pipeline/Particles/SimpleLit' not found
Refreshing native plugins compatible for Editor in 0.93 ms, found 3 plugins.
Preloading 0 native plugins for Editor in 0.00 ms.
Unloading 2979 Unused Serialized files (Serialized files now loaded: 0)
System memory in use before: 160.6 MB.
System memory in use after: 160.4 MB.

Unloading 15 unused Assets to reduce memory usage. Loaded Objects now: 3630.
Total: 4.875800 ms (FindLiveObjects: 0.535500 ms CreateObjectMapping: 0.569800 ms MarkObjects: 3.026900 ms  DeleteObjects: 0.739700 ms)

========================================================================
Received Import Request.
  Time since last request: 149.251491 seconds.
  path: Assets/Scripts/FPSDisplay.cs
  artifactKey: Guid(fe815a3721bac6a46ada96b0f8dab11b) Importer(815301076,1909f56bfc062723c751e8b465ee728b)
Start importing Assets/Scripts/FPSDisplay.cs using Guid(fe815a3721bac6a46ada96b0f8dab11b) Importer(815301076,1909f56bfc062723c751e8b465ee728b)  -> (artifact id: 'b43075f3fc90b8206d6afd3f07fbf97d') in 0.015364 seconds
  Import took 0.023728 seconds .

========================================================================
Received Prepare
Registering precompiled user dll's ...
Registered in 0.003571 seconds.
Begin MonoManager ReloadAssembly
Native extension for WindowsStandalone target not found
Refreshing native plugins compatible for Editor in 1.21 ms, found 3 plugins.
Preloading 0 native plugins for Editor in 0.00 ms.
Invoked RoslynAnalysisRunner static constructor.
RoslynAnalysisRunner will not be running.
RoslynAnalysisRunner has terminated.
Mono: successfully reloaded assembly
- Completed reload, in  1.232 seconds
Platform modules already initialized, skipping
Shader 'Universal Render Pipeline/Particles/Lit': fallback shader 'Universal Render Pipeline/Particles/SimpleLit' not found
Refreshing native plugins compatible for Editor in 1.11 ms, found 3 plugins.
Preloading 0 native plugins for Editor in 0.00 ms.
Unloading 2979 Unused Serialized files (Serialized files now loaded: 0)
System memory in use before: 160.6 MB.
System memory in use after: 160.5 MB.

Unloading 15 unused Assets to reduce memory usage. Loaded Objects now: 3632.
Total: 3.911800 ms (FindLiveObjects: 0.475300 ms CreateObjectMapping: 0.230500 ms MarkObjects: 2.596600 ms  DeleteObjects: 0.607400 ms)

AssetImportWorkerClient::OnTransportError - code=2 error=End of file
